生成启动时间为 2019/11/8 17:15:00。
     1>项目“D:\vs 比特\c++\20191108\20191108\20191108.vcxproj”在节点 2 上(Rebuild 个目标)。
     1>ClCompile:
         C:\Program Files (x86)\Microsoft Visual Studio 12.0\VC\bin\CL.exe /c /ZI /nologo /W3 /WX- /sdl /Od /Oy- /D _MBCS /Gm /EHsc /RTC1 /MDd /GS /fp:precise /Zc:wchar_t /Zc:forScope /Fo"Debug\\" /Fd"Debug\vc120.pdb" /Gd /TC /analyze- /errorReport:prompt test.c
         test.c
     1>c:\program files (x86)\microsoft visual studio 12.0\vc\include\xtgmath.h(214): warning C4602: #pragma pop_macro:“new”该标识符前面没有 #pragma push_macro
     1>c:\program files (x86)\microsoft visual studio 12.0\vc\include\xtgmath.h(215): warning C4193: #pragma warning(pop) : 没有匹配的“#pragma warning(push)”
     1>c:\program files (x86)\microsoft visual studio 12.0\vc\include\xtgmath.h(216): warning C4161: #pragma pack(pop...) : 出栈的比入栈的多
     1>c:\program files (x86)\microsoft visual studio 12.0\vc\include\cmath(23): error C2061: 语法错误: 标识符“abs”
     1>c:\program files (x86)\microsoft visual studio 12.0\vc\include\cmath(23): error C2059: 语法错误:“;”
     1>c:\program files (x86)\microsoft visual studio 12.0\vc\include\cmath(23): error C2061: 语法错误: 标识符“acos”
     1>c:\program files (x86)\microsoft visual studio 12.0\vc\include\cmath(23): error C2061: 语法错误: 标识符“asin”
     1>c:\program files (x86)\microsoft visual studio 12.0\vc\include\cmath(24): error C2061: 语法错误: 标识符“atan”
     1>c:\program files (x86)\microsoft visual studio 12.0\vc\include\cmath(24): error C2059: 语法错误:“;”
     1>c:\program files (x86)\microsoft visual studio 12.0\vc\include\cmath(24): error C2061: 语法错误: 标识符“atan2”
     1>c:\program files (x86)\microsoft visual studio 12.0\vc\include\cmath(24): error C2061: 语法错误: 标识符“ceil”
     1>c:\program files (x86)\microsoft visual studio 12.0\vc\include\cmath(25): error C2061: 语法错误: 标识符“cos”
     1>c:\program files (x86)\microsoft visual studio 12.0\vc\include\cmath(25): error C2059: 语法错误:“;”
     1>c:\program files (x86)\microsoft visual studio 12.0\vc\include\cmath(25): error C2061: 语法错误: 标识符“cosh”
     1>c:\program files (x86)\microsoft visual studio 12.0\vc\include\cmath(25): error C2061: 语法错误: 标识符“exp”
     1>c:\program files (x86)\microsoft visual studio 12.0\vc\include\cmath(26): error C2061: 语法错误: 标识符“fabs”
     1>c:\program files (x86)\microsoft visual studio 12.0\vc\include\cmath(26): error C2059: 语法错误:“;”
     1>c:\program files (x86)\microsoft visual studio 12.0\vc\include\cmath(26): error C2061: 语法错误: 标识符“floor”
     1>c:\program files (x86)\microsoft visual studio 12.0\vc\include\cmath(26): error C2061: 语法错误: 标识符“fmod”
     1>c:\program files (x86)\microsoft visual studio 12.0\vc\include\cmath(27): error C2061: 语法错误: 标识符“frexp”
     1>c:\program files (x86)\microsoft visual studio 12.0\vc\include\cmath(27): error C2059: 语法错误:“;”
     1>c:\program files (x86)\microsoft visual studio 12.0\vc\include\cmath(27): error C2061: 语法错误: 标识符“ldexp”
     1>c:\program files (x86)\microsoft visual studio 12.0\vc\include\cmath(27): error C2061: 语法错误: 标识符“log”
     1>c:\program files (x86)\microsoft visual studio 12.0\vc\include\cmath(28): error C2061: 语法错误: 标识符“log10”
     1>c:\program files (x86)\microsoft visual studio 12.0\vc\include\cmath(28): error C2059: 语法错误:“;”
     1>c:\program files (x86)\microsoft visual studio 12.0\vc\include\cmath(28): error C2061: 语法错误: 标识符“modf”
     1>c:\program files (x86)\microsoft visual studio 12.0\vc\include\cmath(28): error C2061: 语法错误: 标识符“pow”
     1>c:\program files (x86)\microsoft visual studio 12.0\vc\include\cmath(29): error C2061: 语法错误: 标识符“sin”
     1>c:\program files (x86)\microsoft visual studio 12.0\vc\include\cmath(29): error C2059: 语法错误:“;”
     1>c:\program files (x86)\microsoft visual studio 12.0\vc\include\cmath(29): error C2061: 语法错误: 标识符“sinh”
     1>c:\program files (x86)\microsoft visual studio 12.0\vc\include\cmath(29): error C2061: 语法错误: 标识符“sqrt”
     1>c:\program files (x86)\microsoft visual studio 12.0\vc\include\cmath(30): error C2061: 语法错误: 标识符“tan”
     1>c:\program files (x86)\microsoft visual studio 12.0\vc\include\cmath(30): error C2059: 语法错误:“;”
     1>c:\program files (x86)\microsoft visual studio 12.0\vc\include\cmath(30): error C2061: 语法错误: 标识符“tanh”
     1>c:\program files (x86)\microsoft visual studio 12.0\vc\include\cmath(32): error C2061: 语法错误: 标识符“acosf”
     1>c:\program files (x86)\microsoft visual studio 12.0\vc\include\cmath(32): error C2059: 语法错误:“;”
     1>c:\program files (x86)\microsoft visual studio 12.0\vc\include\cmath(32): error C2061: 语法错误: 标识符“asinf”
     1>c:\program files (x86)\microsoft visual studio 12.0\vc\include\cmath(33): error C2061: 语法错误: 标识符“atanf”
     1>c:\program files (x86)\microsoft visual studio 12.0\vc\include\cmath(33): error C2059: 语法错误:“;”
     1>c:\program files (x86)\microsoft visual studio 12.0\vc\include\cmath(33): error C2061: 语法错误: 标识符“atan2f”
     1>c:\program files (x86)\microsoft visual studio 12.0\vc\include\cmath(33): error C2061: 语法错误: 标识符“ceilf”
     1>c:\program files (x86)\microsoft visual studio 12.0\vc\include\cmath(34): error C2061: 语法错误: 标识符“cosf”
     1>c:\program files (x86)\microsoft visual studio 12.0\vc\include\cmath(34): error C2059: 语法错误:“;”
     1>c:\program files (x86)\microsoft visual studio 12.0\vc\include\cmath(34): error C2061: 语法错误: 标识符“coshf”
     1>c:\program files (x86)\microsoft visual studio 12.0\vc\include\cmath(34): error C2061: 语法错误: 标识符“expf”
     1>c:\program files (x86)\microsoft visual studio 12.0\vc\include\cmath(35): error C2061: 语法错误: 标识符“fabsf”
     1>c:\program files (x86)\microsoft visual studio 12.0\vc\include\cmath(35): error C2059: 语法错误:“;”
     1>c:\program files (x86)\microsoft visual studio 12.0\vc\include\cmath(35): error C2061: 语法错误: 标识符“floorf”
     1>c:\program files (x86)\microsoft visual studio 12.0\vc\include\cmath(35): error C2061: 语法错误: 标识符“fmodf”
     1>c:\program files (x86)\microsoft visual studio 12.0\vc\include\cmath(36): error C2061: 语法错误: 标识符“frexpf”
     1>c:\program files (x86)\microsoft visual studio 12.0\vc\include\cmath(36): error C2059: 语法错误:“;”
     1>c:\program files (x86)\microsoft visual studio 12.0\vc\include\cmath(36): error C2061: 语法错误: 标识符“ldexpf”
     1>c:\program files (x86)\microsoft visual studio 12.0\vc\include\cmath(36): error C2061: 语法错误: 标识符“logf”
     1>c:\program files (x86)\microsoft visual studio 12.0\vc\include\cmath(37): error C2061: 语法错误: 标识符“log10f”
     1>c:\program files (x86)\microsoft visual studio 12.0\vc\include\cmath(37): error C2059: 语法错误:“;”
     1>c:\program files (x86)\microsoft visual studio 12.0\vc\include\cmath(37): error C2061: 语法错误: 标识符“modff”
     1>c:\program files (x86)\microsoft visual studio 12.0\vc\include\cmath(37): error C2061: 语法错误: 标识符“powf”
     1>c:\program files (x86)\microsoft visual studio 12.0\vc\include\cmath(38): error C2061: 语法错误: 标识符“sinf”
     1>c:\program files (x86)\microsoft visual studio 12.0\vc\include\cmath(38): error C2059: 语法错误:“;”
     1>c:\program files (x86)\microsoft visual studio 12.0\vc\include\cmath(38): error C2061: 语法错误: 标识符“sinhf”
     1>c:\program files (x86)\microsoft visual studio 12.0\vc\include\cmath(38): error C2061: 语法错误: 标识符“sqrtf”
     1>c:\program files (x86)\microsoft visual studio 12.0\vc\include\cmath(39): error C2061: 语法错误: 标识符“tanf”
     1>c:\program files (x86)\microsoft visual studio 12.0\vc\include\cmath(39): error C2059: 语法错误:“;”
     1>c:\program files (x86)\microsoft visual studio 12.0\vc\include\cmath(39): error C2061: 语法错误: 标识符“tanhf”
     1>c:\program files (x86)\microsoft visual studio 12.0\vc\include\cmath(41): error C2061: 语法错误: 标识符“acosl”
     1>c:\program files (x86)\microsoft visual studio 12.0\vc\include\cmath(41): error C2059: 语法错误:“;”
     1>c:\program files (x86)\microsoft visual studio 12.0\vc\include\cmath(41): error C2061: 语法错误: 标识符“asinl”
     1>c:\program files (x86)\microsoft visual studio 12.0\vc\include\cmath(42): error C2061: 语法错误: 标识符“atanl”
     1>c:\program files (x86)\microsoft visual studio 12.0\vc\include\cmath(42): error C2059: 语法错误:“;”
     1>c:\program files (x86)\microsoft visual studio 12.0\vc\include\cmath(42): error C2061: 语法错误: 标识符“atan2l”
     1>c:\program files (x86)\microsoft visual studio 12.0\vc\include\cmath(42): error C2061: 语法错误: 标识符“ceill”
     1>c:\program files (x86)\microsoft visual studio 12.0\vc\include\cmath(43): error C2061: 语法错误: 标识符“cosl”
     1>c:\program files (x86)\microsoft visual studio 12.0\vc\include\cmath(43): error C2059: 语法错误:“;”
     1>c:\program files (x86)\microsoft visual studio 12.0\vc\include\cmath(43): error C2061: 语法错误: 标识符“coshl”
     1>c:\program files (x86)\microsoft visual studio 12.0\vc\include\cmath(43): error C2061: 语法错误: 标识符“expl”
     1>c:\program files (x86)\microsoft visual studio 12.0\vc\include\cmath(44): error C2061: 语法错误: 标识符“fabsl”
     1>c:\program files (x86)\microsoft visual studio 12.0\vc\include\cmath(44): error C2059: 语法错误:“;”
     1>c:\program files (x86)\microsoft visual studio 12.0\vc\include\cmath(44): error C2061: 语法错误: 标识符“floorl”
     1>c:\program files (x86)\microsoft visual studio 12.0\vc\include\cmath(44): error C2061: 语法错误: 标识符“fmodl”
     1>c:\program files (x86)\microsoft visual studio 12.0\vc\include\cmath(45): error C2061: 语法错误: 标识符“frexpl”
     1>c:\program files (x86)\microsoft visual studio 12.0\vc\include\cmath(45): error C2059: 语法错误:“;”
     1>c:\program files (x86)\microsoft visual studio 12.0\vc\include\cmath(45): error C2061: 语法错误: 标识符“ldexpl”
     1>c:\program files (x86)\microsoft visual studio 12.0\vc\include\cmath(45): error C2061: 语法错误: 标识符“logl”
     1>c:\program files (x86)\microsoft visual studio 12.0\vc\include\cmath(46): error C2061: 语法错误: 标识符“log10l”
     1>c:\program files (x86)\microsoft visual studio 12.0\vc\include\cmath(46): error C2059: 语法错误:“;”
     1>c:\program files (x86)\microsoft visual studio 12.0\vc\include\cmath(46): error C2061: 语法错误: 标识符“modfl”
     1>c:\program files (x86)\microsoft visual studio 12.0\vc\include\cmath(46): error C2061: 语法错误: 标识符“powl”
     1>c:\program files (x86)\microsoft visual studio 12.0\vc\include\cmath(47): error C2061: 语法错误: 标识符“sinl”
     1>c:\program files (x86)\microsoft visual studio 12.0\vc\include\cmath(47): error C2059: 语法错误:“;”
     1>c:\program files (x86)\microsoft visual studio 12.0\vc\include\cmath(47): error C2061: 语法错误: 标识符“sinhl”
     1>c:\program files (x86)\microsoft visual studio 12.0\vc\include\cmath(47): error C2061: 语法错误: 标识符“sqrtl”
     1>c:\program files (x86)\microsoft visual studio 12.0\vc\include\cmath(48): error C2061: 语法错误: 标识符“tanl”
     1>c:\program files (x86)\microsoft visual studio 12.0\vc\include\cmath(48): error C2059: 语法错误:“;”
     1>c:\program files (x86)\microsoft visual studio 12.0\vc\include\cmath(48): error C2061: 语法错误: 标识符“tanhl”
     1>c:\program files (x86)\microsoft visual studio 12.0\vc\include\cmath(50): error C2054: 在“using”之后应输入“(”
     1>c:\program files (x86)\microsoft visual studio 12.0\vc\include\cmath(50): error C2061: 语法错误: 标识符“using”
     1>c:\program files (x86)\microsoft visual studio 12.0\vc\include\cmath(52): error C2061: 语法错误: 标识符“acosh”
     1>c:\program files (x86)\microsoft visual studio 12.0\vc\include\cmath(52): error C2059: 语法错误:“;”
     1>c:\program files (x86)\microsoft visual studio 12.0\vc\include\cmath(52): error C2061: 语法错误: 标识符“asinh”
     1>c:\program files (x86)\microsoft visual studio 12.0\vc\include\cmath(52): error C2061: 语法错误: 标识符“atanh”
     1>c:\program files (x86)\microsoft visual studio 12.0\vc\include\cmath(53): error C2061: 语法错误: 标识符“cbrt”
     1>c:\program files (x86)\microsoft visual studio 12.0\vc\include\cmath(53): error C2059: 语法错误:“;”
     1>c:\program files (x86)\microsoft visual studio 12.0\vc\include\cmath(53): error C2061: 语法错误: 标识符“erf”
     1>c:\program files (x86)\microsoft visual studio 12.0\vc\include\cmath(53): error C2061: 语法错误: 标识符“erfc”
     1>c:\program files (x86)\microsoft visual studio 12.0\vc\include\cmath(53): fatal error C1003: 错误计数超过 100；正在停止编译
     1>已完成生成项目“D:\vs 比特\c++\20191108\20191108\20191108.vcxproj”(Rebuild 个目标)的操作 - 失败。

生成失败。

已用时间 00:00:00.51
